<?xml version="1.0" encoding="UTF-8"?>
<!-- Generated by org.testng.reporters.JUnitReportReporter -->
<testsuite hostname="DESKTOP-86SV3LD" failures="0" tests="1" name="easydiner.Takeaway" time="14.630" errors="0" timestamp="2021-11-21T14:30:25 IST" skipped="0">
  <testcase classname="easydiner.Takeaway" name="Take" time="14.630"/>
  <system-out/>
</testsuite> <!-- easydiner.Takeaway -->
