<?xml version="1.0" encoding="UTF-8"?>
<!-- Generated by org.testng.reporters.JUnitReportReporter -->
<testsuite hostname="DESKTOP-86SV3LD" failures="0" tests="1" name="easydiner.SearchRestaurant" time="22.140" errors="0" timestamp="2021-11-21T14:47:24 IST" skipped="0">
  <testcase classname="easydiner.SearchRestaurant" name="RestaurantSearch" time="22.140"/>
  <system-out/>
</testsuite> <!-- easydiner.SearchRestaurant -->
