<?xml version="1.0" encoding="UTF-8"?>
<!-- Generated by org.testng.reporters.JUnitReportReporter -->
<testsuite hostname="DESKTOP-86SV3LD" failures="0" tests="1" name="easydiner.Help" time="9.659" errors="0" timestamp="2021-11-21T14:30:25 IST" skipped="0">
  <testcase classname="easydiner.Help" name="testHelpTC" time="9.659"/>
  <system-out/>
</testsuite> <!-- easydiner.Help -->
