<?xml version="1.0" encoding="UTF-8"?>
<!-- Generated by org.testng.reporters.JUnitReportReporter -->
<testsuite hostname="DESKTOP-86SV3LD" failures="0" tests="1" name="easydiner.LocationSearch" time="11.459" errors="0" timestamp="2021-11-21T14:46:05 IST" skipped="0">
  <testcase classname="easydiner.LocationSearch" name="locatinSearch" time="11.459"/>
  <system-out/>
</testsuite> <!-- easydiner.LocationSearch -->
